<?xml version="1.0" encoding="UTF-8"?>
<!-- Generated by org.testng.reporters.JUnitReportReporter -->
<testsuite hostname="LTIN293420" failures="0" tests="1" name="testCases.TC_001_CarLoanTest" time="18.296" errors="0" timestamp="2024-02-27T13:59:05 IST" skipped="0">
  <testcase classname="testCases.TC_001_CarLoanTest" name="carLoanTest" time="18.296"/>
</testsuite> <!-- testCases.TC_001_CarLoanTest -->
