<?xml version="1.0" encoding="UTF-8"?>
<!-- Generated by org.testng.reporters.JUnitReportReporter -->
<testsuite hostname="LTIN293420" failures="0" tests="1" name="smokeTestCases.isValidPage" time="0.455" errors="0" timestamp="2024-03-03T08:59:19 IST" skipped="0">
  <testcase classname="smokeTestCases.isValidPage" name="validLandingPage" time="0.455"/>
</testsuite> <!-- smokeTestCases.isValidPage -->
