<?xml version="1.0" encoding="UTF-8"?>
<!-- Generated by org.testng.reporters.JUnitReportReporter -->
<testsuite hostname="LTIN293420" failures="0" tests="3" name="smokeTestCases.TC_006_LoanCalculatorYearMonthTentureValidationTest" time="15.376" errors="0" timestamp="2024-03-06T12:54:44 IST" skipped="0">
  <testcase classname="smokeTestCases.TC_006_LoanCalculatorYearMonthTentureValidationTest" name="isNavigatedToLoanCalculator" time="6.354"/>
  <testcase classname="smokeTestCases.TC_006_LoanCalculatorYearMonthTentureValidationTest" name="yearMonthBtnTesting" time="4.531"/>
  <testcase classname="smokeTestCases.TC_006_LoanCalculatorYearMonthTentureValidationTest" name="yearMonthBtnTesting" time="4.491"/>
</testsuite> <!-- smokeTestCases.TC_006_LoanCalculatorYearMonthTentureValidationTest -->
