<?xml version="1.0" encoding="UTF-8"?>
<!-- Generated by org.testng.reporters.JUnitReportReporter -->
<testsuite hostname="LTIN293420" failures="0" tests="3" name="testCases.TC_002_HomeLoanDDT" time="30.286" errors="0" timestamp="2024-03-06T12:54:44 IST" skipped="0">
  <testcase classname="testCases.TC_002_HomeLoanDDT" name="homeLoanTest" time="22.141"/>
  <testcase classname="testCases.TC_002_HomeLoanDDT" name="homeLoanTest" time="3.868"/>
  <testcase classname="testCases.TC_002_HomeLoanDDT" name="homeLoanTest" time="4.277"/>
</testsuite> <!-- testCases.TC_002_HomeLoanDDT -->
