<?xml version="1.0" encoding="UTF-8"?>
<!-- Generated by org.testng.reporters.JUnitReportReporter -->
<testsuite hostname="LTIN293420" failures="0" tests="1" name="testCases.TC_001_CarLoanDDT" time="21.358" errors="0" timestamp="2024-03-06T12:54:44 IST" skipped="0">
  <testcase classname="testCases.TC_001_CarLoanDDT" name="carLoanTest" time="21.358"/>
</testsuite> <!-- testCases.TC_001_CarLoanDDT -->
