<?xml version="1.0" encoding="UTF-8"?>
<!-- Generated by org.testng.reporters.JUnitReportReporter -->
<testsuite hostname="LTIN293420" failures="0" tests="1" name="testCases.TC_001_CarLoanDDT" time="28.053" errors="0" timestamp="2024-03-09T13:10:43 IST" skipped="0">
  <testcase classname="testCases.TC_001_CarLoanDDT" name="carLoanTest" time="28.053"/>
</testsuite> <!-- testCases.TC_001_CarLoanDDT -->
