<?xml version="1.0" encoding="UTF-8"?>
<!-- Generated by org.testng.reporters.JUnitReportReporter -->
<testsuite hostname="LTIN293420" failures="0" tests="3" name="testCases.TC_003_LoanCalculatorDDT" time="149.819" errors="0" timestamp="2024-03-09T13:10:43 IST" skipped="0">
  <testcase classname="testCases.TC_003_LoanCalculatorDDT" name="LoanCalculatorTest" time="68.077"/>
  <testcase classname="testCases.TC_003_LoanCalculatorDDT" name="LoanAmountCalculatorTest" time="42.708"/>
  <testcase classname="testCases.TC_003_LoanCalculatorDDT" name="LoanTentureCalculatorTest" time="39.034"/>
</testsuite> <!-- testCases.TC_003_LoanCalculatorDDT -->
