<?xml version="1.0" encoding="UTF-8"?>
<!-- Generated by org.testng.reporters.JUnitReportReporter -->
<testsuite hostname="LTIN293420" failures="0" tests="3" name="testCases.TC_002_HomeLoanDDT" time="33.581" errors="0" timestamp="2024-03-09T13:10:43 IST" skipped="0">
  <testcase classname="testCases.TC_002_HomeLoanDDT" name="homeLoanTest" time="26.112"/>
  <testcase classname="testCases.TC_002_HomeLoanDDT" name="homeLoanTest" time="3.751"/>
  <testcase classname="testCases.TC_002_HomeLoanDDT" name="homeLoanTest" time="3.718"/>
</testsuite> <!-- testCases.TC_002_HomeLoanDDT -->
