<?xml version="1.0" encoding="UTF-8"?>
<!-- Generated by org.testng.reporters.JUnitReportReporter -->
<testsuite hostname="LTIN293420" failures="0" tests="1" name="smokeTestCases.TC_005_CarLoanTabClickableTest" time="0.121" errors="0" timestamp="2024-03-09T13:10:43 IST" skipped="0">
  <testcase classname="smokeTestCases.TC_005_CarLoanTabClickableTest" name="isCarLoanTabClickable" time="0.121"/>
</testsuite> <!-- smokeTestCases.TC_005_CarLoanTabClickableTest -->
